<?xml version="1.0" encoding="UTF-8"?>
<!-- Generated by org.testng.reporters.JUnitReportReporter -->
<testsuite hostname="LPCAIQ1100" failures="0" tests="1" name="Test.Headless" time="2.421" errors="0" timestamp="2022-11-29T13:28:15 EET" skipped="0">
  <testcase classname="Test.Headless" name="HeadlessPosativeTest" time="2.421"/>
  <system-out/>
</testsuite> <!-- Test.Headless -->
